#-----------------------------------------------------------
# Vivado v2016.2 (64-bit)
# SW Build 1577090 on Thu Jun  2 16:32:40 MDT 2016
# IP Build 1577682 on Fri Jun  3 12:00:54 MDT 2016
# Start of session at: Fri Sep 30 13:05:58 2016
# Process ID: 8204
# Current directory: C:/Workspace/545_Melons/Lab3/Lab3
# Command line: vivado.exe -gui_launcher_event rodinguilauncherevent7596 C:\Workspace\545_Melons\Lab3\Lab3\Lab3.xpr
# Log file: C:/Workspace/545_Melons/Lab3/Lab3/vivado.log
# Journal file: C:/Workspace/545_Melons/Lab3/Lab3\vivado.jou
#-----------------------------------------------------------
start_gui
open_project C:/Workspace/545_Melons/Lab3/Lab3/Lab3.xpr
Scanning sources...
Finished scanning sources
WARNING: [filemgmt 56-3] IPUserFilesDir: Could not find the directory 'C:/Workspace/545_Melons/Lab3/Lab3/Lab3.ip_user_files'.
INFO: [IP_Flow 19-234] Refreshing IP repositories
INFO: [IP_Flow 19-1704] No user IP repositories specified
INFO: [IP_Flow 19-2313] Loaded Vivado IP repository 'C:/Xilinx/Vivado/2016.2/data/ip'.
open_project: Time (s): cpu = 00:00:16 ; elapsed = 00:00:09 . Memory (MB): peak = 763.117 ; gain = 119.199
update_compile_order -fileset sources_1
remove_files C:/Workspace/545_Melons/Lab3/Lab3/Lab3.srcs/sources_1/new/USBtoPCM.sv
add_files -norecurse C:/Workspace/545_Melons/Lab3/Lab3/Lab3.srcs/sources_1/new/sd_controller.sv
update_compile_order -fileset sources_1
